<?xml version="1.0" encoding="UTF-8"?>
<testng-results skipped="0" failed="0" ignored="0" total="1" passed="1">
  <reporter-output>
  </reporter-output>
  <suite name="Default suite" duration-ms="6040" started-at="2020-02-11T13:15:51Z" finished-at="2020-02-11T13:15:57Z">
    <groups>
    </groups>
    <test name="Default test" duration-ms="6040" started-at="2020-02-11T13:15:51Z" finished-at="2020-02-11T13:15:57Z">
      <class name="test.LoginTest">
        <test-method status="PASS" signature="loginTest()[pri:0, instance:test.LoginTest@224edc67]" name="loginTest" duration-ms="6020" started-at="2020-02-11T08:15:51Z" finished-at="2020-02-11T08:15:57Z">
          <reporter-output>
          </reporter-output>
        </test-method> <!-- loginTest -->
      </class> <!-- test.LoginTest -->
    </test> <!-- Default test -->
  </suite> <!-- Default suite -->
</testng-results>
